{
  "RSpec": {
    "coverage": {
      "/home/elsyser/11B/teh na prom/tehnaprom_RSA/lib/RSA.rb": [
        1,
        null,
        1,
        1,
        3,
        3,
        3,
        null,
        null,
        1,
        1,
        null,
        null,
        1,
        1,
        null,
        null,
        1,
        1,
        null,
        null,
        1,
        1,
        1,
        1,
        1,
        1,
        6,
        null,
        1,
        1,
        null,
        null,
        1,
        1,
        1,
        null,
        1,
        1,
        5,
        null,
        1,
        null,
        1,
        500,
        498,
        null,
        1,
        null,
        null,
        null,
        1,
        null,
        null,
        1,
        90,
        null,
        null,
        1,
        86,
        null,
        null,
        null,
        1,
        null,
        null,
        null,
        1,
        null,
        1,
        1
      ]
    },
    "timestamp": 1513765775
  }
}
