{
  "RSpec": {
    "coverage": {
      "/home/elsyser/11B/teh na prom/tehnaprom_RSA/lib/RSA.rb": [
        1,
        null,
        1,
        1,
        3,
        3,
        3,
        null,
        null,
        1,
        1,
        null,
        null,
        1,
        1,
        null,
        null,
        1,
        1,
        null,
        null,
        1,
        1,
        1,
        1,
        1,
        1,
        3,
        null,
        1,
        5,
        null,
        null,
        1,
        1,
        1,
        null,
        1,
        1,
        1,
        null,
        1,
        null,
        1,
        19286,
        19284,
        null,
        1,
        null,
        null,
        null,
        1,
        null,
        null,
        1,
        90,
        null,
        null,
        1,
        86,
        null,
        null,
        null,
        1,
        null,
        null,
        null,
        1,
        null,
        1,
        1
      ]
    },
    "timestamp": 1513765311
  }
}
